<?xml version="1.0" encoding="UTF-8"?>
<!-- Generated by org.testng.reporters.JUnitReportReporter -->
<testsuite hostname="DESKTOP-GQCHTEH" failures="0" tests="1" name="day1.TestNG_LearningChild" time="0.025" errors="0" timestamp="2023-05-29T09:15:45 IST" skipped="0">
  <testcase classname="day1.TestNG_LearningChild" name="method0" time="0.025"/>
  <system-out/>
</testsuite> <!-- day1.TestNG_LearningChild -->
