<?xml version="1.0" encoding="UTF-8"?>
<!-- Generated by org.testng.reporters.JUnitReportReporter -->
<testsuite hostname="DESKTOP-GQCHTEH" failures="0" tests="1" name="day1.TestNg_Learning" time="0.011" errors="0" timestamp="2023-05-29T09:06:01 IST" skipped="0">
  <testcase classname="day1.TestNg_Learning" name="method0" time="0.011"/>
  <system-out/>
</testsuite> <!-- day1.TestNg_Learning -->
